<?xml version="1.0" encoding="UTF-8"?>
<!-- Generated by org.testng.reporters.JUnitReportReporter -->
<testsuite skipped="0" hostname="DESKTOP-U8UDBFC" name="runner.RunLogin" tests="1" failures="0" timestamp="2020-08-28T23:33:35 IST" time="13.902" errors="0">
  <testcase name="runScenario" time="13.902" classname="runner.RunLogin"/>
  <system-out/>
</testsuite> <!-- runner.RunLogin -->
