<?xml version="1.0" encoding="UTF-8"?>
<!-- Generated by org.testng.reporters.JUnitReportReporter -->
<testsuite skipped="0" hostname="DESKTOP-08TC7DP" name="testcases.LoginAndVerify" tests="2" failures="0" timestamp="2021-06-16T10:55:09 IST" time="25.439" errors="0">
  <testcase name="runLoginVerify" time="5.877" classname="testcases.LoginAndVerify"/>
  <system-out/>
  <testcase name="runLoginVerify" time="19.562" classname="testcases.LoginAndVerify"/>
  <system-out/>
</testsuite> <!-- testcases.LoginAndVerify -->
