<?xml version="1.0" encoding="UTF-8"?>
<!-- Generated by org.testng.reporters.JUnitReportReporter -->
<testsuite skipped="0" hostname="DESKTOP-U8UDBFC" name="testcases.RunLoginUsingCucumber" tests="1" failures="0" timestamp="2020-08-29T18:22:05 IST" time="13.252" errors="0">
  <testcase name="runScenario" time="13.252" classname="testcases.RunLoginUsingCucumber"/>
  <system-out/>
</testsuite> <!-- testcases.RunLoginUsingCucumber -->
